MJPG Streamer Version: git rev: 821c330ea6bbb5fbed98d48e00aac156e923161b
 i: Using V4L2 device.: (null)
 i: Desired Resolution: 640 x 480
 i: Frames Per Second.: -1
 i: Format............: JPEG
 i: TV-Norm...........: DEFAULT
 i: init_VideoIn failed
MJPG Streamer Version: git rev: 821c330ea6bbb5fbed98d48e00aac156e923161b
 i: Using V4L2 device.: (null)
 i: Desired Resolution: 640 x 480
 i: Frames Per Second.: -1
 i: Format............: JPEG
 i: TV-Norm...........: DEFAULT
 i: init_VideoIn failed
MJPG Streamer Version: git rev: 821c330ea6bbb5fbed98d48e00aac156e923161b
 i: Using V4L2 device.: /dev/video0
 i: Desired Resolution: 640 x 480
 i: Frames Per Second.: -1
 i: Format............: JPEG
 i: TV-Norm...........: DEFAULT
UVCIOC_CTRL_ADD - Error at Pan (relative): Inappropriate ioctl for device (25)
UVCIOC_CTRL_ADD - Error at Tilt (relative): Inappropriate ioctl for device (25)
UVCIOC_CTRL_ADD - Error at Pan Reset: Inappropriate ioctl for device (25)
UVCIOC_CTRL_ADD - Error at Tilt Reset: Inappropriate ioctl for device (25)
UVCIOC_CTRL_ADD - Error at Pan/tilt Reset: Inappropriate ioctl for device (25)
UVCIOC_CTRL_ADD - Error at Focus (absolute): Inappropriate ioctl for device (25)
UVCIOC_CTRL_MAP - Error at Pan (relative): Inappropriate ioctl for device (25)
UVCIOC_CTRL_MAP - Error at Tilt (relative): Inappropriate ioctl for device (25)
UVCIOC_CTRL_MAP - Error at Pan Reset: Inappropriate ioctl for device (25)
UVCIOC_CTRL_MAP - Error at Tilt Reset: Inappropriate ioctl for device (25)
UVCIOC_CTRL_MAP - Error at Pan/tilt Reset: Inappropriate ioctl for device (25)
UVCIOC_CTRL_MAP - Error at Focus (absolute): Inappropriate ioctl for device (25)
UVCIOC_CTRL_MAP - Error at LED1 Mode: Inappropriate ioctl for device (25)
UVCIOC_CTRL_MAP - Error at LED1 Frequency: Inappropriate ioctl for device (25)
UVCIOC_CTRL_MAP - Error at Disable video processing: Inappropriate ioctl for device (25)
UVCIOC_CTRL_MAP - Error at Raw bits per pixel: Inappropriate ioctl for device (25)
 o: www-folder-path......: /usr/local/share/mjpg-streamer/www/
 o: HTTP TCP port........: 8081
 o: HTTP Listen Address..: (null)
 o: username:password....: disabled
 o: commands.............: enabled
Invalid V4L2_set_control request for the id: 0x00980915. Control cannot be found in the list
Failed to set power line filter
[/dev/v4l/by-id/usb-Microsoft_Microsoft速_LifeCam_Studio_TM_-video-index0] starting hanging check task
[/dev/v4l/by-id/usb-Microsoft_Microsoft速_LifeCam_Studio_TM_-video-index0] starting running check task
Ignoring empty buffer ...
Ignoring empty buffer ...
Ignoring empty buffer ...
MJPG Streamer Version: git rev: 821c330ea6bbb5fbed98d48e00aac156e923161b
 i: Using V4L2 device.: /dev/video0
 i: Desired Resolution: 640 x 480
 i: Frames Per Second.: -1
 i: Format............: JPEG
 i: TV-Norm...........: DEFAULT
UVCIOC_CTRL_ADD - Error at Pan (relative): Inappropriate ioctl for device (25)
UVCIOC_CTRL_ADD - Error at Tilt (relative): Inappropriate ioctl for device (25)
UVCIOC_CTRL_ADD - Error at Pan Reset: Inappropriate ioctl for device (25)
UVCIOC_CTRL_ADD - Error at Tilt Reset: Inappropriate ioctl for device (25)
UVCIOC_CTRL_ADD - Error at Pan/tilt Reset: Inappropriate ioctl for device (25)
UVCIOC_CTRL_ADD - Error at Focus (absolute): Inappropriate ioctl for device (25)
UVCIOC_CTRL_MAP - Error at Pan (relative): Inappropriate ioctl for device (25)
UVCIOC_CTRL_MAP - Error at Tilt (relative): Inappropriate ioctl for device (25)
UVCIOC_CTRL_MAP - Error at Pan Reset: Inappropriate ioctl for device (25)
UVCIOC_CTRL_MAP - Error at Tilt Reset: Inappropriate ioctl for device (25)
UVCIOC_CTRL_MAP - Error at Pan/tilt Reset: Inappropriate ioctl for device (25)
UVCIOC_CTRL_MAP - Error at Focus (absolute): Inappropriate ioctl for device (25)
UVCIOC_CTRL_MAP - Error at LED1 Mode: Inappropriate ioctl for device (25)
UVCIOC_CTRL_MAP - Error at LED1 Frequency: Inappropriate ioctl for device (25)
UVCIOC_CTRL_MAP - Error at Disable video processing: Inappropriate ioctl for device (25)
UVCIOC_CTRL_MAP - Error at Raw bits per pixel: Inappropriate ioctl for device (25)
 o: www-folder-path......: /usr/local/share/mjpg-streamer/www/
 o: HTTP TCP port........: 8081
 o: HTTP Listen Address..: (null)
 o: username:password....: disabled
 o: commands.............: enabled
Invalid V4L2_set_control request for the id: 0x00980915. Control cannot be found in the list
Failed to set power line filter
[/dev/v4l/by-id/usb-Microsoft_Microsoft速_LifeCam_Studio_TM_-video-index0] starting hanging check task
[/dev/v4l/by-id/usb-Microsoft_Microsoft速_LifeCam_Studio_TM_-video-index0] starting running check task
Ignoring empty buffer ...
Ignoring empty buffer ...
Ignoring empty buffer ...
